[31mâœ˜ [41;31m[[41;97mERROR[41;31m][0m [1m[35m[plugin vanilla-extract][0m [1mclasses is not defined[0m

    src/style.css.ts:142:0:
[37m      142 â”‚ [32m[37m
          â•µ [32m^[0m

    at /Users/jeon-yewon/project/fastcampus/fastcampus-design-system/packages/react/components/button/src/style.css.ts:142:12
    at Script.runInContext (node:vm:149:12)
    at Script.runInNewContext (node:vm:154:17)
    at module.exports [as default] (/Users/jeon-yewon/.yarn/berry/cache/eval-npm-0.1.8-0cd081d9ca-10c0.zip/node_modules/eval/eval.js:84:12)
    at Object.processVanillaFile (/Users/jeon-yewon/.yarn/berry/cache/@vanilla-extract-integration-npm-8.0.4-7902e4d86f-10c0.zip/node_modules/@vanilla-extract/integration/dist/vanilla-extract-integration.cjs.dev.js:145:50)
    at /Users/jeon-yewon/project/fastcampus/fastcampus-design-system/.yarn/__virtual__/@vanilla-extract-esbuild-plugin-virtual-771d712871/4/.yarn/berry/cache/@vanilla-extract-esbuild-plugin-npm-2.3.18-bb43e8f094-10c0.zip/node_modules/@vanilla-extract/esbuild-plugin/dist/vanilla-extract-esbuild-plugin.cjs.dev.js:83:44
    at process.processTicksAndRejections (node:internal/process/task_queues:105:5)
    at async requestCallbacks.on-load (/Users/jeon-yewon/project/fastcampus/fastcampus-design-system/.yarn/unplugged/esbuild-npm-0.16.17-89fa4ab0dd/node_modules/esbuild/lib/main.js:1426:22)
    at async handleRequest (/Users/jeon-yewon/project/fastcampus/fastcampus-design-system/.yarn/unplugged/esbuild-npm-0.16.17-89fa4ab0dd/node_modules/esbuild/lib/main.js:727:13)

  This error came from the "onLoad" callback registered here:

    ../../../../.yarn/__virtual__/@vanilla-extract-esbuild-plugin-virtual-771d712871/4/.yarn/berry/cache/@vanilla-extract-esbuild-plugin-npm-2.3.18-bb43e8f094-10c0.zip/node_modules/@vanilla-extract/esbuild-plugin/dist/vanilla-extract-esbuild-plugin.cjs.dev.js:55:12:
[37m      55 â”‚       build.[32monLoad[37m({
         â•µ             [32m~~~~~~[0m

    at setup (/Users/jeon-yewon/project/fastcampus/fastcampus-design-system/.yarn/__virtual__/@vanilla-extract-esbuild-plugin-virtual-771d712871/4/.yarn/berry/cache/@vanilla-extract-esbuild-plugin-npm-2.3.18-bb43e8f094-10c0.zip/node_modules/@vanilla-extract/esbuild-plugin/dist/vanilla-extract-esbuild-plugin.cjs.dev.js:55:13)
    at handlePlugins (/Users/jeon-yewon/project/fastcampus/fastcampus-design-system/.yarn/unplugged/esbuild-npm-0.16.17-89fa4ab0dd/node_modules/esbuild/lib/main.js:1287:21)
    at buildOrServeImpl (/Users/jeon-yewon/project/fastcampus/fastcampus-design-system/.yarn/unplugged/esbuild-npm-0.16.17-89fa4ab0dd/node_modules/esbuild/lib/main.js:974:5)
    at Object.buildOrServe (/Users/jeon-yewon/project/fastcampus/fastcampus-design-system/.yarn/unplugged/esbuild-npm-0.16.17-89fa4ab0dd/node_modules/esbuild/lib/main.js:780:5)
    at /Users/jeon-yewon/project/fastcampus/fastcampus-design-system/.yarn/unplugged/esbuild-npm-0.16.17-89fa4ab0dd/node_modules/esbuild/lib/main.js:2132:17
    at new Promise (<anonymous>)
    at Object.build (/Users/jeon-yewon/project/fastcampus/fastcampus-design-system/.yarn/unplugged/esbuild-npm-0.16.17-89fa4ab0dd/node_modules/esbuild/lib/main.js:2131:14)
    at build (/Users/jeon-yewon/project/fastcampus/fastcampus-design-system/.yarn/unplugged/esbuild-npm-0.16.17-89fa4ab0dd/node_modules/esbuild/lib/main.js:1978:51)
    at run (/Users/jeon-yewon/project/fastcampus/fastcampus-design-system/packages/esbuild-config/index.js:31:5)

  The plugin "vanilla-extract" was triggered by this import

    src/Button.tsx:4:28:
[37m      4 â”‚ import { buttonStyle } from [32m"./style.css"[37m;
        â•µ                             [32m~~~~~~~~~~~~~[0m

[31mâœ˜ [41;31m[[41;97mERROR[41;31m][0m [1m[35m[plugin vanilla-extract][0m [1mclasses is not defined[0m

    src/style.css.ts:142:0:
[37m      142 â”‚ [32m[37m
          â•µ [32m^[0m

    at /Users/jeon-yewon/project/fastcampus/fastcampus-design-system/packages/react/components/button/src/style.css.ts:142:12
    at Script.runInContext (node:vm:149:12)
    at Script.runInNewContext (node:vm:154:17)
    at module.exports [as default] (/Users/jeon-yewon/.yarn/berry/cache/eval-npm-0.1.8-0cd081d9ca-10c0.zip/node_modules/eval/eval.js:84:12)
    at Object.processVanillaFile (/Users/jeon-yewon/.yarn/berry/cache/@vanilla-extract-integration-npm-8.0.4-7902e4d86f-10c0.zip/node_modules/@vanilla-extract/integration/dist/vanilla-extract-integration.cjs.dev.js:145:50)
    at /Users/jeon-yewon/project/fastcampus/fastcampus-design-system/.yarn/__virtual__/@vanilla-extract-esbuild-plugin-virtual-771d712871/4/.yarn/berry/cache/@vanilla-extract-esbuild-plugin-npm-2.3.18-bb43e8f094-10c0.zip/node_modules/@vanilla-extract/esbuild-plugin/dist/vanilla-extract-esbuild-plugin.cjs.dev.js:83:44
    at process.processTicksAndRejections (node:internal/process/task_queues:105:5)
    at async requestCallbacks.on-load (/Users/jeon-yewon/project/fastcampus/fastcampus-design-system/.yarn/unplugged/esbuild-npm-0.16.17-89fa4ab0dd/node_modules/esbuild/lib/main.js:1426:22)
    at async handleRequest (/Users/jeon-yewon/project/fastcampus/fastcampus-design-system/.yarn/unplugged/esbuild-npm-0.16.17-89fa4ab0dd/node_modules/esbuild/lib/main.js:727:13)

  This error came from the "onLoad" callback registered here:

    ../../../../.yarn/__virtual__/@vanilla-extract-esbuild-plugin-virtual-771d712871/4/.yarn/berry/cache/@vanilla-extract-esbuild-plugin-npm-2.3.18-bb43e8f094-10c0.zip/node_modules/@vanilla-extract/esbuild-plugin/dist/vanilla-extract-esbuild-plugin.cjs.dev.js:55:12:
[37m      55 â”‚       build.[32monLoad[37m({
         â•µ             [32m~~~~~~[0m

    at setup (/Users/jeon-yewon/project/fastcampus/fastcampus-design-system/.yarn/__virtual__/@vanilla-extract-esbuild-plugin-virtual-771d712871/4/.yarn/berry/cache/@vanilla-extract-esbuild-plugin-npm-2.3.18-bb43e8f094-10c0.zip/node_modules/@vanilla-extract/esbuild-plugin/dist/vanilla-extract-esbuild-plugin.cjs.dev.js:55:13)
    at handlePlugins (/Users/jeon-yewon/project/fastcampus/fastcampus-design-system/.yarn/unplugged/esbuild-npm-0.16.17-89fa4ab0dd/node_modules/esbuild/lib/main.js:1287:21)
    at buildOrServeImpl (/Users/jeon-yewon/project/fastcampus/fastcampus-design-system/.yarn/unplugged/esbuild-npm-0.16.17-89fa4ab0dd/node_modules/esbuild/lib/main.js:974:5)
    at Object.buildOrServe (/Users/jeon-yewon/project/fastcampus/fastcampus-design-system/.yarn/unplugged/esbuild-npm-0.16.17-89fa4ab0dd/node_modules/esbuild/lib/main.js:780:5)
    at /Users/jeon-yewon/project/fastcampus/fastcampus-design-system/.yarn/unplugged/esbuild-npm-0.16.17-89fa4ab0dd/node_modules/esbuild/lib/main.js:2132:17
    at new Promise (<anonymous>)
    at Object.build (/Users/jeon-yewon/project/fastcampus/fastcampus-design-system/.yarn/unplugged/esbuild-npm-0.16.17-89fa4ab0dd/node_modules/esbuild/lib/main.js:2131:14)
    at build (/Users/jeon-yewon/project/fastcampus/fastcampus-design-system/.yarn/unplugged/esbuild-npm-0.16.17-89fa4ab0dd/node_modules/esbuild/lib/main.js:1978:51)
    at run (/Users/jeon-yewon/project/fastcampus/fastcampus-design-system/packages/esbuild-config/index.js:27:5)

  The plugin "vanilla-extract" was triggered by this import

    src/Button.tsx:4:28:
[37m      4 â”‚ import { buttonStyle } from [32m"./style.css"[37m;
        â•µ                             [32m~~~~~~~~~~~~~[0m

[31mâœ˜ [41;31m[[41;97mERROR[41;31m][0m [1m[35m[plugin vanilla-extract][0m [1mactiveColorVariant is not defined[0m

    src/style.css.ts:178:0:
[37m      178 â”‚ [32m[37m
          â•µ [32m^[0m

    at /Users/jeon-yewon/project/fastcampus/fastcampus-design-system/packages/react/components/button/src/style.css.ts:178:28
    at Script.runInContext (node:vm:149:12)
    at Script.runInNewContext (node:vm:154:17)
    at module.exports [as default] (/Users/jeon-yewon/.yarn/berry/cache/eval-npm-0.1.8-0cd081d9ca-10c0.zip/node_modules/eval/eval.js:84:12)
    at Object.processVanillaFile (/Users/jeon-yewon/.yarn/berry/cache/@vanilla-extract-integration-npm-8.0.4-7902e4d86f-10c0.zip/node_modules/@vanilla-extract/integration/dist/vanilla-extract-integration.cjs.dev.js:145:50)
    at /Users/jeon-yewon/project/fastcampus/fastcampus-design-system/.yarn/__virtual__/@vanilla-extract-esbuild-plugin-virtual-771d712871/4/.yarn/berry/cache/@vanilla-extract-esbuild-plugin-npm-2.3.18-bb43e8f094-10c0.zip/node_modules/@vanilla-extract/esbuild-plugin/dist/vanilla-extract-esbuild-plugin.cjs.dev.js:83:44
    at process.processTicksAndRejections (node:internal/process/task_queues:105:5)
    at async requestCallbacks.on-load (/Users/jeon-yewon/project/fastcampus/fastcampus-design-system/.yarn/unplugged/esbuild-npm-0.16.17-89fa4ab0dd/node_modules/esbuild/lib/main.js:1426:22)
    at async handleRequest (/Users/jeon-yewon/project/fastcampus/fastcampus-design-system/.yarn/unplugged/esbuild-npm-0.16.17-89fa4ab0dd/node_modules/esbuild/lib/main.js:727:13)

  This error came from the "onLoad" callback registered here:

    ../../../../.yarn/__virtual__/@vanilla-extract-esbuild-plugin-virtual-771d712871/4/.yarn/berry/cache/@vanilla-extract-esbuild-plugin-npm-2.3.18-bb43e8f094-10c0.zip/node_modules/@vanilla-extract/esbuild-plugin/dist/vanilla-extract-esbuild-plugin.cjs.dev.js:55:12:
[37m      55 â”‚       build.[32monLoad[37m({
         â•µ             [32m~~~~~~[0m

    at setup (/Users/jeon-yewon/project/fastcampus/fastcampus-design-system/.yarn/__virtual__/@vanilla-extract-esbuild-plugin-virtual-771d712871/4/.yarn/berry/cache/@vanilla-extract-esbuild-plugin-npm-2.3.18-bb43e8f094-10c0.zip/node_modules/@vanilla-extract/esbuild-plugin/dist/vanilla-extract-esbuild-plugin.cjs.dev.js:55:13)
    at handlePlugins (/Users/jeon-yewon/project/fastcampus/fastcampus-design-system/.yarn/unplugged/esbuild-npm-0.16.17-89fa4ab0dd/node_modules/esbuild/lib/main.js:1287:21)
    at buildOrServeImpl (/Users/jeon-yewon/project/fastcampus/fastcampus-design-system/.yarn/unplugged/esbuild-npm-0.16.17-89fa4ab0dd/node_modules/esbuild/lib/main.js:974:5)
    at Object.buildOrServe (/Users/jeon-yewon/project/fastcampus/fastcampus-design-system/.yarn/unplugged/esbuild-npm-0.16.17-89fa4ab0dd/node_modules/esbuild/lib/main.js:780:5)
    at /Users/jeon-yewon/project/fastcampus/fastcampus-design-system/.yarn/unplugged/esbuild-npm-0.16.17-89fa4ab0dd/node_modules/esbuild/lib/main.js:2132:17
    at new Promise (<anonymous>)
    at Object.build (/Users/jeon-yewon/project/fastcampus/fastcampus-design-system/.yarn/unplugged/esbuild-npm-0.16.17-89fa4ab0dd/node_modules/esbuild/lib/main.js:2131:14)
    at build (/Users/jeon-yewon/project/fastcampus/fastcampus-design-system/.yarn/unplugged/esbuild-npm-0.16.17-89fa4ab0dd/node_modules/esbuild/lib/main.js:1978:51)
    at run (/Users/jeon-yewon/project/fastcampus/fastcampus-design-system/packages/esbuild-config/index.js:31:5)

  The plugin "vanilla-extract" was triggered by this import

    src/Button.tsx:4:28:
[37m      4 â”‚ import { buttonStyle } from [32m"./style.css"[37m;
        â•µ                             [32m~~~~~~~~~~~~~[0m

[31mâœ˜ [41;31m[[41;97mERROR[41;31m][0m [1m[35m[plugin vanilla-extract][0m [1mactiveColorVariant is not defined[0m

    src/style.css.ts:178:0:
[37m      178 â”‚ [32m[37m
          â•µ [32m^[0m

    at /Users/jeon-yewon/project/fastcampus/fastcampus-design-system/packages/react/components/button/src/style.css.ts:178:28
    at Script.runInContext (node:vm:149:12)
    at Script.runInNewContext (node:vm:154:17)
    at module.exports [as default] (/Users/jeon-yewon/.yarn/berry/cache/eval-npm-0.1.8-0cd081d9ca-10c0.zip/node_modules/eval/eval.js:84:12)
    at Object.processVanillaFile (/Users/jeon-yewon/.yarn/berry/cache/@vanilla-extract-integration-npm-8.0.4-7902e4d86f-10c0.zip/node_modules/@vanilla-extract/integration/dist/vanilla-extract-integration.cjs.dev.js:145:50)
    at /Users/jeon-yewon/project/fastcampus/fastcampus-design-system/.yarn/__virtual__/@vanilla-extract-esbuild-plugin-virtual-771d712871/4/.yarn/berry/cache/@vanilla-extract-esbuild-plugin-npm-2.3.18-bb43e8f094-10c0.zip/node_modules/@vanilla-extract/esbuild-plugin/dist/vanilla-extract-esbuild-plugin.cjs.dev.js:83:44
    at process.processTicksAndRejections (node:internal/process/task_queues:105:5)
    at async requestCallbacks.on-load (/Users/jeon-yewon/project/fastcampus/fastcampus-design-system/.yarn/unplugged/esbuild-npm-0.16.17-89fa4ab0dd/node_modules/esbuild/lib/main.js:1426:22)
    at async handleRequest (/Users/jeon-yewon/project/fastcampus/fastcampus-design-system/.yarn/unplugged/esbuild-npm-0.16.17-89fa4ab0dd/node_modules/esbuild/lib/main.js:727:13)

  This error came from the "onLoad" callback registered here:

    ../../../../.yarn/__virtual__/@vanilla-extract-esbuild-plugin-virtual-771d712871/4/.yarn/berry/cache/@vanilla-extract-esbuild-plugin-npm-2.3.18-bb43e8f094-10c0.zip/node_modules/@vanilla-extract/esbuild-plugin/dist/vanilla-extract-esbuild-plugin.cjs.dev.js:55:12:
[37m      55 â”‚       build.[32monLoad[37m({
         â•µ             [32m~~~~~~[0m

    at setup (/Users/jeon-yewon/project/fastcampus/fastcampus-design-system/.yarn/__virtual__/@vanilla-extract-esbuild-plugin-virtual-771d712871/4/.yarn/berry/cache/@vanilla-extract-esbuild-plugin-npm-2.3.18-bb43e8f094-10c0.zip/node_modules/@vanilla-extract/esbuild-plugin/dist/vanilla-extract-esbuild-plugin.cjs.dev.js:55:13)
    at handlePlugins (/Users/jeon-yewon/project/fastcampus/fastcampus-design-system/.yarn/unplugged/esbuild-npm-0.16.17-89fa4ab0dd/node_modules/esbuild/lib/main.js:1287:21)
    at buildOrServeImpl (/Users/jeon-yewon/project/fastcampus/fastcampus-design-system/.yarn/unplugged/esbuild-npm-0.16.17-89fa4ab0dd/node_modules/esbuild/lib/main.js:974:5)
    at Object.buildOrServe (/Users/jeon-yewon/project/fastcampus/fastcampus-design-system/.yarn/unplugged/esbuild-npm-0.16.17-89fa4ab0dd/node_modules/esbuild/lib/main.js:780:5)
    at /Users/jeon-yewon/project/fastcampus/fastcampus-design-system/.yarn/unplugged/esbuild-npm-0.16.17-89fa4ab0dd/node_modules/esbuild/lib/main.js:2132:17
    at new Promise (<anonymous>)
    at Object.build (/Users/jeon-yewon/project/fastcampus/fastcampus-design-system/.yarn/unplugged/esbuild-npm-0.16.17-89fa4ab0dd/node_modules/esbuild/lib/main.js:2131:14)
    at build (/Users/jeon-yewon/project/fastcampus/fastcampus-design-system/.yarn/unplugged/esbuild-npm-0.16.17-89fa4ab0dd/node_modules/esbuild/lib/main.js:1978:51)
    at run (/Users/jeon-yewon/project/fastcampus/fastcampus-design-system/packages/esbuild-config/index.js:27:5)

  The plugin "vanilla-extract" was triggered by this import

    src/Button.tsx:4:28:
[37m      4 â”‚ import { buttonStyle } from [32m"./style.css"[37m;
        â•µ                             [32m~~~~~~~~~~~~~[0m

[31mâœ˜ [41;31m[[41;97mERROR[41;31m][0m [1m[35m[plugin vanilla-extract][0m [1mactiveColorVariant is not defined[0m

    src/style.css.ts:178:0:
[37m      178 â”‚ [32m[37m
          â•µ [32m^[0m

    at /Users/jeon-yewon/project/fastcampus/fastcampus-design-system/packages/react/components/button/src/style.css.ts:178:28
    at Script.runInContext (node:vm:149:12)
    at Script.runInNewContext (node:vm:154:17)
    at module.exports [as default] (/Users/jeon-yewon/.yarn/berry/cache/eval-npm-0.1.8-0cd081d9ca-10c0.zip/node_modules/eval/eval.js:84:12)
    at Object.processVanillaFile (/Users/jeon-yewon/.yarn/berry/cache/@vanilla-extract-integration-npm-8.0.4-7902e4d86f-10c0.zip/node_modules/@vanilla-extract/integration/dist/vanilla-extract-integration.cjs.dev.js:145:50)
    at /Users/jeon-yewon/project/fastcampus/fastcampus-design-system/.yarn/__virtual__/@vanilla-extract-esbuild-plugin-virtual-771d712871/4/.yarn/berry/cache/@vanilla-extract-esbuild-plugin-npm-2.3.18-bb43e8f094-10c0.zip/node_modules/@vanilla-extract/esbuild-plugin/dist/vanilla-extract-esbuild-plugin.cjs.dev.js:83:44
    at process.processTicksAndRejections (node:internal/process/task_queues:105:5)
    at async requestCallbacks.on-load (/Users/jeon-yewon/project/fastcampus/fastcampus-design-system/.yarn/unplugged/esbuild-npm-0.16.17-89fa4ab0dd/node_modules/esbuild/lib/main.js:1426:22)
    at async handleRequest (/Users/jeon-yewon/project/fastcampus/fastcampus-design-system/.yarn/unplugged/esbuild-npm-0.16.17-89fa4ab0dd/node_modules/esbuild/lib/main.js:727:13)

  This error came from the "onLoad" callback registered here:

    ../../../../.yarn/__virtual__/@vanilla-extract-esbuild-plugin-virtual-771d712871/4/.yarn/berry/cache/@vanilla-extract-esbuild-plugin-npm-2.3.18-bb43e8f094-10c0.zip/node_modules/@vanilla-extract/esbuild-plugin/dist/vanilla-extract-esbuild-plugin.cjs.dev.js:55:12:
[37m      55 â”‚       build.[32monLoad[37m({
         â•µ             [32m~~~~~~[0m

    at setup (/Users/jeon-yewon/project/fastcampus/fastcampus-design-system/.yarn/__virtual__/@vanilla-extract-esbuild-plugin-virtual-771d712871/4/.yarn/berry/cache/@vanilla-extract-esbuild-plugin-npm-2.3.18-bb43e8f094-10c0.zip/node_modules/@vanilla-extract/esbuild-plugin/dist/vanilla-extract-esbuild-plugin.cjs.dev.js:55:13)
    at handlePlugins (/Users/jeon-yewon/project/fastcampus/fastcampus-design-system/.yarn/unplugged/esbuild-npm-0.16.17-89fa4ab0dd/node_modules/esbuild/lib/main.js:1287:21)
    at buildOrServeImpl (/Users/jeon-yewon/project/fastcampus/fastcampus-design-system/.yarn/unplugged/esbuild-npm-0.16.17-89fa4ab0dd/node_modules/esbuild/lib/main.js:974:5)
    at Object.buildOrServe (/Users/jeon-yewon/project/fastcampus/fastcampus-design-system/.yarn/unplugged/esbuild-npm-0.16.17-89fa4ab0dd/node_modules/esbuild/lib/main.js:780:5)
    at /Users/jeon-yewon/project/fastcampus/fastcampus-design-system/.yarn/unplugged/esbuild-npm-0.16.17-89fa4ab0dd/node_modules/esbuild/lib/main.js:2132:17
    at new Promise (<anonymous>)
    at Object.build (/Users/jeon-yewon/project/fastcampus/fastcampus-design-system/.yarn/unplugged/esbuild-npm-0.16.17-89fa4ab0dd/node_modules/esbuild/lib/main.js:2131:14)
    at build (/Users/jeon-yewon/project/fastcampus/fastcampus-design-system/.yarn/unplugged/esbuild-npm-0.16.17-89fa4ab0dd/node_modules/esbuild/lib/main.js:1978:51)
    at run (/Users/jeon-yewon/project/fastcampus/fastcampus-design-system/packages/esbuild-config/index.js:31:5)

  The plugin "vanilla-extract" was triggered by this import

    src/Button.tsx:4:28:
[37m      4 â”‚ import { buttonStyle } from [32m"./style.css"[37m;
        â•µ                             [32m~~~~~~~~~~~~~[0m

[31mâœ˜ [41;31m[[41;97mERROR[41;31m][0m [1m[35m[plugin vanilla-extract][0m [1mactiveColorVariant is not defined[0m

    src/style.css.ts:178:0:
[37m      178 â”‚ [32m[37m
          â•µ [32m^[0m

    at /Users/jeon-yewon/project/fastcampus/fastcampus-design-system/packages/react/components/button/src/style.css.ts:178:28
    at Script.runInContext (node:vm:149:12)
    at Script.runInNewContext (node:vm:154:17)
    at module.exports [as default] (/Users/jeon-yewon/.yarn/berry/cache/eval-npm-0.1.8-0cd081d9ca-10c0.zip/node_modules/eval/eval.js:84:12)
    at Object.processVanillaFile (/Users/jeon-yewon/.yarn/berry/cache/@vanilla-extract-integration-npm-8.0.4-7902e4d86f-10c0.zip/node_modules/@vanilla-extract/integration/dist/vanilla-extract-integration.cjs.dev.js:145:50)
    at /Users/jeon-yewon/project/fastcampus/fastcampus-design-system/.yarn/__virtual__/@vanilla-extract-esbuild-plugin-virtual-771d712871/4/.yarn/berry/cache/@vanilla-extract-esbuild-plugin-npm-2.3.18-bb43e8f094-10c0.zip/node_modules/@vanilla-extract/esbuild-plugin/dist/vanilla-extract-esbuild-plugin.cjs.dev.js:83:44
    at process.processTicksAndRejections (node:internal/process/task_queues:105:5)
    at async requestCallbacks.on-load (/Users/jeon-yewon/project/fastcampus/fastcampus-design-system/.yarn/unplugged/esbuild-npm-0.16.17-89fa4ab0dd/node_modules/esbuild/lib/main.js:1426:22)
    at async handleRequest (/Users/jeon-yewon/project/fastcampus/fastcampus-design-system/.yarn/unplugged/esbuild-npm-0.16.17-89fa4ab0dd/node_modules/esbuild/lib/main.js:727:13)

  This error came from the "onLoad" callback registered here:

    ../../../../.yarn/__virtual__/@vanilla-extract-esbuild-plugin-virtual-771d712871/4/.yarn/berry/cache/@vanilla-extract-esbuild-plugin-npm-2.3.18-bb43e8f094-10c0.zip/node_modules/@vanilla-extract/esbuild-plugin/dist/vanilla-extract-esbuild-plugin.cjs.dev.js:55:12:
[37m      55 â”‚       build.[32monLoad[37m({
         â•µ             [32m~~~~~~[0m

    at setup (/Users/jeon-yewon/project/fastcampus/fastcampus-design-system/.yarn/__virtual__/@vanilla-extract-esbuild-plugin-virtual-771d712871/4/.yarn/berry/cache/@vanilla-extract-esbuild-plugin-npm-2.3.18-bb43e8f094-10c0.zip/node_modules/@vanilla-extract/esbuild-plugin/dist/vanilla-extract-esbuild-plugin.cjs.dev.js:55:13)
    at handlePlugins (/Users/jeon-yewon/project/fastcampus/fastcampus-design-system/.yarn/unplugged/esbuild-npm-0.16.17-89fa4ab0dd/node_modules/esbuild/lib/main.js:1287:21)
    at buildOrServeImpl (/Users/jeon-yewon/project/fastcampus/fastcampus-design-system/.yarn/unplugged/esbuild-npm-0.16.17-89fa4ab0dd/node_modules/esbuild/lib/main.js:974:5)
    at Object.buildOrServe (/Users/jeon-yewon/project/fastcampus/fastcampus-design-system/.yarn/unplugged/esbuild-npm-0.16.17-89fa4ab0dd/node_modules/esbuild/lib/main.js:780:5)
    at /Users/jeon-yewon/project/fastcampus/fastcampus-design-system/.yarn/unplugged/esbuild-npm-0.16.17-89fa4ab0dd/node_modules/esbuild/lib/main.js:2132:17
    at new Promise (<anonymous>)
    at Object.build (/Users/jeon-yewon/project/fastcampus/fastcampus-design-system/.yarn/unplugged/esbuild-npm-0.16.17-89fa4ab0dd/node_modules/esbuild/lib/main.js:2131:14)
    at build (/Users/jeon-yewon/project/fastcampus/fastcampus-design-system/.yarn/unplugged/esbuild-npm-0.16.17-89fa4ab0dd/node_modules/esbuild/lib/main.js:1978:51)
    at run (/Users/jeon-yewon/project/fastcampus/fastcampus-design-system/packages/esbuild-config/index.js:27:5)

  The plugin "vanilla-extract" was triggered by this import

    src/Button.tsx:4:28:
[37m      4 â”‚ import { buttonStyle } from [32m"./style.css"[37m;
        â•µ                             [32m~~~~~~~~~~~~~[0m

[31mâœ˜ [41;31m[[41;97mERROR[41;31m][0m [1m[35m[plugin vanilla-extract][0m [1mactiveColorVariant is not defined[0m

    src/style.css.ts:178:0:
[37m      178 â”‚ [32m[37m
          â•µ [32m^[0m

    at /Users/jeon-yewon/project/fastcampus/fastcampus-design-system/packages/react/components/button/src/style.css.ts:178:28
    at Script.runInContext (node:vm:149:12)
    at Script.runInNewContext (node:vm:154:17)
    at module.exports [as default] (/Users/jeon-yewon/.yarn/berry/cache/eval-npm-0.1.8-0cd081d9ca-10c0.zip/node_modules/eval/eval.js:84:12)
    at Object.processVanillaFile (/Users/jeon-yewon/.yarn/berry/cache/@vanilla-extract-integration-npm-8.0.4-7902e4d86f-10c0.zip/node_modules/@vanilla-extract/integration/dist/vanilla-extract-integration.cjs.dev.js:145:50)
    at /Users/jeon-yewon/project/fastcampus/fastcampus-design-system/.yarn/__virtual__/@vanilla-extract-esbuild-plugin-virtual-771d712871/4/.yarn/berry/cache/@vanilla-extract-esbuild-plugin-npm-2.3.18-bb43e8f094-10c0.zip/node_modules/@vanilla-extract/esbuild-plugin/dist/vanilla-extract-esbuild-plugin.cjs.dev.js:83:44
    at process.processTicksAndRejections (node:internal/process/task_queues:105:5)
    at async requestCallbacks.on-load (/Users/jeon-yewon/project/fastcampus/fastcampus-design-system/.yarn/unplugged/esbuild-npm-0.16.17-89fa4ab0dd/node_modules/esbuild/lib/main.js:1426:22)
    at async handleRequest (/Users/jeon-yewon/project/fastcampus/fastcampus-design-system/.yarn/unplugged/esbuild-npm-0.16.17-89fa4ab0dd/node_modules/esbuild/lib/main.js:727:13)

  This error came from the "onLoad" callback registered here:

    ../../../../.yarn/__virtual__/@vanilla-extract-esbuild-plugin-virtual-771d712871/4/.yarn/berry/cache/@vanilla-extract-esbuild-plugin-npm-2.3.18-bb43e8f094-10c0.zip/node_modules/@vanilla-extract/esbuild-plugin/dist/vanilla-extract-esbuild-plugin.cjs.dev.js:55:12:
[37m      55 â”‚       build.[32monLoad[37m({
         â•µ             [32m~~~~~~[0m

    at setup (/Users/jeon-yewon/project/fastcampus/fastcampus-design-system/.yarn/__virtual__/@vanilla-extract-esbuild-plugin-virtual-771d712871/4/.yarn/berry/cache/@vanilla-extract-esbuild-plugin-npm-2.3.18-bb43e8f094-10c0.zip/node_modules/@vanilla-extract/esbuild-plugin/dist/vanilla-extract-esbuild-plugin.cjs.dev.js:55:13)
    at handlePlugins (/Users/jeon-yewon/project/fastcampus/fastcampus-design-system/.yarn/unplugged/esbuild-npm-0.16.17-89fa4ab0dd/node_modules/esbuild/lib/main.js:1287:21)
    at buildOrServeImpl (/Users/jeon-yewon/project/fastcampus/fastcampus-design-system/.yarn/unplugged/esbuild-npm-0.16.17-89fa4ab0dd/node_modules/esbuild/lib/main.js:974:5)
    at Object.buildOrServe (/Users/jeon-yewon/project/fastcampus/fastcampus-design-system/.yarn/unplugged/esbuild-npm-0.16.17-89fa4ab0dd/node_modules/esbuild/lib/main.js:780:5)
    at /Users/jeon-yewon/project/fastcampus/fastcampus-design-system/.yarn/unplugged/esbuild-npm-0.16.17-89fa4ab0dd/node_modules/esbuild/lib/main.js:2132:17
    at new Promise (<anonymous>)
    at Object.build (/Users/jeon-yewon/project/fastcampus/fastcampus-design-system/.yarn/unplugged/esbuild-npm-0.16.17-89fa4ab0dd/node_modules/esbuild/lib/main.js:2131:14)
    at build (/Users/jeon-yewon/project/fastcampus/fastcampus-design-system/.yarn/unplugged/esbuild-npm-0.16.17-89fa4ab0dd/node_modules/esbuild/lib/main.js:1978:51)
    at run (/Users/jeon-yewon/project/fastcampus/fastcampus-design-system/packages/esbuild-config/index.js:31:5)

  The plugin "vanilla-extract" was triggered by this import

    src/Button.tsx:12:7:
[37m      12 â”‚ } from [32m"./style.css"[37m;
         â•µ        [32m~~~~~~~~~~~~~[0m

[31mâœ˜ [41;31m[[41;97mERROR[41;31m][0m [1m[35m[plugin vanilla-extract][0m [1mactiveColorVariant is not defined[0m

    src/style.css.ts:178:0:
[37m      178 â”‚ [32m[37m
          â•µ [32m^[0m

    at /Users/jeon-yewon/project/fastcampus/fastcampus-design-system/packages/react/components/button/src/style.css.ts:178:28
    at Script.runInContext (node:vm:149:12)
    at Script.runInNewContext (node:vm:154:17)
    at module.exports [as default] (/Users/jeon-yewon/.yarn/berry/cache/eval-npm-0.1.8-0cd081d9ca-10c0.zip/node_modules/eval/eval.js:84:12)
    at Object.processVanillaFile (/Users/jeon-yewon/.yarn/berry/cache/@vanilla-extract-integration-npm-8.0.4-7902e4d86f-10c0.zip/node_modules/@vanilla-extract/integration/dist/vanilla-extract-integration.cjs.dev.js:145:50)
    at /Users/jeon-yewon/project/fastcampus/fastcampus-design-system/.yarn/__virtual__/@vanilla-extract-esbuild-plugin-virtual-771d712871/4/.yarn/berry/cache/@vanilla-extract-esbuild-plugin-npm-2.3.18-bb43e8f094-10c0.zip/node_modules/@vanilla-extract/esbuild-plugin/dist/vanilla-extract-esbuild-plugin.cjs.dev.js:83:44
    at process.processTicksAndRejections (node:internal/process/task_queues:105:5)
    at async requestCallbacks.on-load (/Users/jeon-yewon/project/fastcampus/fastcampus-design-system/.yarn/unplugged/esbuild-npm-0.16.17-89fa4ab0dd/node_modules/esbuild/lib/main.js:1426:22)
    at async handleRequest (/Users/jeon-yewon/project/fastcampus/fastcampus-design-system/.yarn/unplugged/esbuild-npm-0.16.17-89fa4ab0dd/node_modules/esbuild/lib/main.js:727:13)

  This error came from the "onLoad" callback registered here:

    ../../../../.yarn/__virtual__/@vanilla-extract-esbuild-plugin-virtual-771d712871/4/.yarn/berry/cache/@vanilla-extract-esbuild-plugin-npm-2.3.18-bb43e8f094-10c0.zip/node_modules/@vanilla-extract/esbuild-plugin/dist/vanilla-extract-esbuild-plugin.cjs.dev.js:55:12:
[37m      55 â”‚       build.[32monLoad[37m({
         â•µ             [32m~~~~~~[0m

    at setup (/Users/jeon-yewon/project/fastcampus/fastcampus-design-system/.yarn/__virtual__/@vanilla-extract-esbuild-plugin-virtual-771d712871/4/.yarn/berry/cache/@vanilla-extract-esbuild-plugin-npm-2.3.18-bb43e8f094-10c0.zip/node_modules/@vanilla-extract/esbuild-plugin/dist/vanilla-extract-esbuild-plugin.cjs.dev.js:55:13)
    at handlePlugins (/Users/jeon-yewon/project/fastcampus/fastcampus-design-system/.yarn/unplugged/esbuild-npm-0.16.17-89fa4ab0dd/node_modules/esbuild/lib/main.js:1287:21)
    at buildOrServeImpl (/Users/jeon-yewon/project/fastcampus/fastcampus-design-system/.yarn/unplugged/esbuild-npm-0.16.17-89fa4ab0dd/node_modules/esbuild/lib/main.js:974:5)
    at Object.buildOrServe (/Users/jeon-yewon/project/fastcampus/fastcampus-design-system/.yarn/unplugged/esbuild-npm-0.16.17-89fa4ab0dd/node_modules/esbuild/lib/main.js:780:5)
    at /Users/jeon-yewon/project/fastcampus/fastcampus-design-system/.yarn/unplugged/esbuild-npm-0.16.17-89fa4ab0dd/node_modules/esbuild/lib/main.js:2132:17
    at new Promise (<anonymous>)
    at Object.build (/Users/jeon-yewon/project/fastcampus/fastcampus-design-system/.yarn/unplugged/esbuild-npm-0.16.17-89fa4ab0dd/node_modules/esbuild/lib/main.js:2131:14)
    at build (/Users/jeon-yewon/project/fastcampus/fastcampus-design-system/.yarn/unplugged/esbuild-npm-0.16.17-89fa4ab0dd/node_modules/esbuild/lib/main.js:1978:51)
    at run (/Users/jeon-yewon/project/fastcampus/fastcampus-design-system/packages/esbuild-config/index.js:27:5)

  The plugin "vanilla-extract" was triggered by this import

    src/Button.tsx:12:7:
[37m      12 â”‚ } from [32m"./style.css"[37m;
         â•µ        [32m~~~~~~~~~~~~~[0m

[31mâœ˜ [41;31m[[41;97mERROR[41;31m][0m [1mNo matching export in "src/style.css.ts" for import "spanStyle"[0m

    src/Button.tsx:10:2:
[37m      10 â”‚   [32mspanStyle[37m,
         â•µ   [32m~~~~~~~~~[0m

[31mâœ˜ [41;31m[[41;97mERROR[41;31m][0m [1mNo matching export in "src/style.css.ts" for import "spanStyle"[0m

    src/Button.tsx:10:2:
[37m      10 â”‚   [32mspanStyle[37m,
         â•µ   [32m~~~~~~~~~[0m

[31mâœ˜ [41;31m[[41;97mERROR[41;31m][0m [1mNo matching export in "src/style.css.ts" for import "spinnerStyle"[0m

    src/Button.tsx:11:2:
[37m      11 â”‚   [32mspinnerStyle[37m,
         â•µ   [32m~~~~~~~~~~~~[0m

[31mâœ˜ [41;31m[[41;97mERROR[41;31m][0m [1mNo matching export in "src/style.css.ts" for import "spinnerStyle"[0m

    src/Button.tsx:11:2:
[37m      11 â”‚   [32mspinnerStyle[37m,
         â•µ   [32m~~~~~~~~~~~~[0m

[31mâœ˜ [41;31m[[41;97mERROR[41;31m][0m [1m[35m[plugin vanilla-extract][0m [1mkeyframes is not defined[0m

    src/style.css.ts:231:0:
[37m      231 â”‚ [32m[37m
          â•µ [32m^[0m

    at /Users/jeon-yewon/project/fastcampus/fastcampus-design-system/packages/react/components/button/src/style.css.ts:231:21
    at Script.runInContext (node:vm:149:12)
    at Script.runInNewContext (node:vm:154:17)
    at module.exports [as default] (/Users/jeon-yewon/.yarn/berry/cache/eval-npm-0.1.8-0cd081d9ca-10c0.zip/node_modules/eval/eval.js:84:12)
    at Object.processVanillaFile (/Users/jeon-yewon/.yarn/berry/cache/@vanilla-extract-integration-npm-8.0.4-7902e4d86f-10c0.zip/node_modules/@vanilla-extract/integration/dist/vanilla-extract-integration.cjs.dev.js:145:50)
    at /Users/jeon-yewon/project/fastcampus/fastcampus-design-system/.yarn/__virtual__/@vanilla-extract-esbuild-plugin-virtual-771d712871/4/.yarn/berry/cache/@vanilla-extract-esbuild-plugin-npm-2.3.18-bb43e8f094-10c0.zip/node_modules/@vanilla-extract/esbuild-plugin/dist/vanilla-extract-esbuild-plugin.cjs.dev.js:83:44
    at process.processTicksAndRejections (node:internal/process/task_queues:105:5)
    at async requestCallbacks.on-load (/Users/jeon-yewon/project/fastcampus/fastcampus-design-system/.yarn/unplugged/esbuild-npm-0.16.17-89fa4ab0dd/node_modules/esbuild/lib/main.js:1426:22)
    at async handleRequest (/Users/jeon-yewon/project/fastcampus/fastcampus-design-system/.yarn/unplugged/esbuild-npm-0.16.17-89fa4ab0dd/node_modules/esbuild/lib/main.js:727:13)

  This error came from the "onLoad" callback registered here:

    ../../../../.yarn/__virtual__/@vanilla-extract-esbuild-plugin-virtual-771d712871/4/.yarn/berry/cache/@vanilla-extract-esbuild-plugin-npm-2.3.18-bb43e8f094-10c0.zip/node_modules/@vanilla-extract/esbuild-plugin/dist/vanilla-extract-esbuild-plugin.cjs.dev.js:55:12:
[37m      55 â”‚       build.[32monLoad[37m({
         â•µ             [32m~~~~~~[0m

    at setup (/Users/jeon-yewon/project/fastcampus/fastcampus-design-system/.yarn/__virtual__/@vanilla-extract-esbuild-plugin-virtual-771d712871/4/.yarn/berry/cache/@vanilla-extract-esbuild-plugin-npm-2.3.18-bb43e8f094-10c0.zip/node_modules/@vanilla-extract/esbuild-plugin/dist/vanilla-extract-esbuild-plugin.cjs.dev.js:55:13)
    at handlePlugins (/Users/jeon-yewon/project/fastcampus/fastcampus-design-system/.yarn/unplugged/esbuild-npm-0.16.17-89fa4ab0dd/node_modules/esbuild/lib/main.js:1287:21)
    at buildOrServeImpl (/Users/jeon-yewon/project/fastcampus/fastcampus-design-system/.yarn/unplugged/esbuild-npm-0.16.17-89fa4ab0dd/node_modules/esbuild/lib/main.js:974:5)
    at Object.buildOrServe (/Users/jeon-yewon/project/fastcampus/fastcampus-design-system/.yarn/unplugged/esbuild-npm-0.16.17-89fa4ab0dd/node_modules/esbuild/lib/main.js:780:5)
    at /Users/jeon-yewon/project/fastcampus/fastcampus-design-system/.yarn/unplugged/esbuild-npm-0.16.17-89fa4ab0dd/node_modules/esbuild/lib/main.js:2132:17
    at new Promise (<anonymous>)
    at Object.build (/Users/jeon-yewon/project/fastcampus/fastcampus-design-system/.yarn/unplugged/esbuild-npm-0.16.17-89fa4ab0dd/node_modules/esbuild/lib/main.js:2131:14)
    at build (/Users/jeon-yewon/project/fastcampus/fastcampus-design-system/.yarn/unplugged/esbuild-npm-0.16.17-89fa4ab0dd/node_modules/esbuild/lib/main.js:1978:51)
    at run (/Users/jeon-yewon/project/fastcampus/fastcampus-design-system/packages/esbuild-config/index.js:31:5)

  The plugin "vanilla-extract" was triggered by this import

    src/Button.tsx:12:7:
[37m      12 â”‚ } from [32m"./style.css"[37m;
         â•µ        [32m~~~~~~~~~~~~~[0m

[31mâœ˜ [41;31m[[41;97mERROR[41;31m][0m [1m[35m[plugin vanilla-extract][0m [1mkeyframes is not defined[0m

    src/style.css.ts:231:0:
[37m      231 â”‚ [32m[37m
          â•µ [32m^[0m

    at /Users/jeon-yewon/project/fastcampus/fastcampus-design-system/packages/react/components/button/src/style.css.ts:231:21
    at Script.runInContext (node:vm:149:12)
    at Script.runInNewContext (node:vm:154:17)
    at module.exports [as default] (/Users/jeon-yewon/.yarn/berry/cache/eval-npm-0.1.8-0cd081d9ca-10c0.zip/node_modules/eval/eval.js:84:12)
    at Object.processVanillaFile (/Users/jeon-yewon/.yarn/berry/cache/@vanilla-extract-integration-npm-8.0.4-7902e4d86f-10c0.zip/node_modules/@vanilla-extract/integration/dist/vanilla-extract-integration.cjs.dev.js:145:50)
    at /Users/jeon-yewon/project/fastcampus/fastcampus-design-system/.yarn/__virtual__/@vanilla-extract-esbuild-plugin-virtual-771d712871/4/.yarn/berry/cache/@vanilla-extract-esbuild-plugin-npm-2.3.18-bb43e8f094-10c0.zip/node_modules/@vanilla-extract/esbuild-plugin/dist/vanilla-extract-esbuild-plugin.cjs.dev.js:83:44
    at process.processTicksAndRejections (node:internal/process/task_queues:105:5)
    at async requestCallbacks.on-load (/Users/jeon-yewon/project/fastcampus/fastcampus-design-system/.yarn/unplugged/esbuild-npm-0.16.17-89fa4ab0dd/node_modules/esbuild/lib/main.js:1426:22)
    at async handleRequest (/Users/jeon-yewon/project/fastcampus/fastcampus-design-system/.yarn/unplugged/esbuild-npm-0.16.17-89fa4ab0dd/node_modules/esbuild/lib/main.js:727:13)

  This error came from the "onLoad" callback registered here:

    ../../../../.yarn/__virtual__/@vanilla-extract-esbuild-plugin-virtual-771d712871/4/.yarn/berry/cache/@vanilla-extract-esbuild-plugin-npm-2.3.18-bb43e8f094-10c0.zip/node_modules/@vanilla-extract/esbuild-plugin/dist/vanilla-extract-esbuild-plugin.cjs.dev.js:55:12:
[37m      55 â”‚       build.[32monLoad[37m({
         â•µ             [32m~~~~~~[0m

    at setup (/Users/jeon-yewon/project/fastcampus/fastcampus-design-system/.yarn/__virtual__/@vanilla-extract-esbuild-plugin-virtual-771d712871/4/.yarn/berry/cache/@vanilla-extract-esbuild-plugin-npm-2.3.18-bb43e8f094-10c0.zip/node_modules/@vanilla-extract/esbuild-plugin/dist/vanilla-extract-esbuild-plugin.cjs.dev.js:55:13)
    at handlePlugins (/Users/jeon-yewon/project/fastcampus/fastcampus-design-system/.yarn/unplugged/esbuild-npm-0.16.17-89fa4ab0dd/node_modules/esbuild/lib/main.js:1287:21)
    at buildOrServeImpl (/Users/jeon-yewon/project/fastcampus/fastcampus-design-system/.yarn/unplugged/esbuild-npm-0.16.17-89fa4ab0dd/node_modules/esbuild/lib/main.js:974:5)
    at Object.buildOrServe (/Users/jeon-yewon/project/fastcampus/fastcampus-design-system/.yarn/unplugged/esbuild-npm-0.16.17-89fa4ab0dd/node_modules/esbuild/lib/main.js:780:5)
    at /Users/jeon-yewon/project/fastcampus/fastcampus-design-system/.yarn/unplugged/esbuild-npm-0.16.17-89fa4ab0dd/node_modules/esbuild/lib/main.js:2132:17
    at new Promise (<anonymous>)
    at Object.build (/Users/jeon-yewon/project/fastcampus/fastcampus-design-system/.yarn/unplugged/esbuild-npm-0.16.17-89fa4ab0dd/node_modules/esbuild/lib/main.js:2131:14)
    at build (/Users/jeon-yewon/project/fastcampus/fastcampus-design-system/.yarn/unplugged/esbuild-npm-0.16.17-89fa4ab0dd/node_modules/esbuild/lib/main.js:1978:51)
    at run (/Users/jeon-yewon/project/fastcampus/fastcampus-design-system/packages/esbuild-config/index.js:27:5)

  The plugin "vanilla-extract" was triggered by this import

    src/Button.tsx:12:7:
[37m      12 â”‚ } from [32m"./style.css"[37m;
         â•µ        [32m~~~~~~~~~~~~~[0m

[31mâœ˜ [41;31m[[41;97mERROR[41;31m][0m [1mExpected "}" but found "children"[0m

    src/Button.tsx:23:4:
[37m      23 â”‚     [32mchildren[37m,
         â”‚     [32m~~~~~~~~[37m
         â•µ     [32m}[0m

[31mâœ˜ [41;31m[[41;97mERROR[41;31m][0m [1mExpected "}" but found "children"[0m

    src/Button.tsx:23:4:
[37m      23 â”‚     [32mchildren[37m,
         â”‚     [32m~~~~~~~~[37m
         â•µ     [32m}[0m

[31mâœ˜ [41;31m[[41;97mERROR[41;31m][0m [1mExpected "}" but found "isDisabled"[0m

    src/Button.tsx:23:4:
[37m      23 â”‚     [32misDisabled[37m,
         â”‚     [32m~~~~~~~~~~[37m
         â•µ     [32m}[0m

[31mâœ˜ [41;31m[[41;97mERROR[41;31m][0m [1mExpected "}" but found "isDisabled"[0m

    src/Button.tsx:23:4:
[37m      23 â”‚     [32misDisabled[37m,
         â”‚     [32m~~~~~~~~~~[37m
         â•µ     [32m}[0m

